<?xml version="1.0" encoding="UTF-8"?>
<testng-results ignored="0" total="1" passed="1" failed="0" skipped="0">
  <reporter-output>
  </reporter-output>
  <suite started-at="2024-09-01T19:45:19 IST" name="Suite" finished-at="2024-09-01T19:45:48 IST" duration-ms="28690">
    <groups>
    </groups>
    <test started-at="2024-09-01T19:45:19 IST" name="TestChrome" finished-at="2024-09-01T19:45:48 IST" duration-ms="28690">
      <class name="testCases.LogoVerificationTest">
        <test-method is-config="true" signature="setUp()[pri:0, instance:testCases.LogoVerificationTest@160ac7fb]" started-at="2024-09-01T19:45:19 IST" name="setUp" finished-at="2024-09-01T19:45:47 IST" duration-ms="27457" status="PASS">
          <reporter-output>
          </reporter-output>
        </test-method> <!-- setUp -->
        <test-method signature="testLogo()[pri:0, instance:testCases.LogoVerificationTest@160ac7fb]" started-at="2024-09-01T19:45:47 IST" name="testLogo" finished-at="2024-09-01T19:45:47 IST" duration-ms="540" status="PASS">
          <reporter-output>
          </reporter-output>
        </test-method> <!-- testLogo -->
        <test-method is-config="true" signature="tearDown()[pri:0, instance:testCases.LogoVerificationTest@160ac7fb]" started-at="2024-09-01T19:45:47 IST" name="tearDown" finished-at="2024-09-01T19:45:48 IST" duration-ms="615" status="PASS">
          <reporter-output>
          </reporter-output>
        </test-method> <!-- tearDown -->
      </class> <!-- testCases.LogoVerificationTest -->
    </test> <!-- TestChrome -->
  </suite> <!-- Suite -->
</testng-results>
