<?xml version="1.0" encoding="UTF-8"?>
<testng-results ignored="0" total="1" passed="1" failed="0" skipped="0">
  <reporter-output>
  </reporter-output>
  <suite started-at="2024-09-01T19:37:15 IST" name="Suite" finished-at="2024-09-01T19:38:45 IST" duration-ms="89526">
    <groups>
    </groups>
    <test started-at="2024-09-01T19:37:15 IST" name="TestChrome" finished-at="2024-09-01T19:38:45 IST" duration-ms="89526">
      <class name="testCases.LogoVerificationTest">
        <test-method is-config="true" signature="setUp()[pri:0, instance:testCases.LogoVerificationTest@5ddabb18]" started-at="2024-09-01T19:37:15 IST" name="setUp" finished-at="2024-09-01T19:38:24 IST" duration-ms="68257" status="PASS">
          <reporter-output>
          </reporter-output>
        </test-method> <!-- setUp -->
        <test-method signature="testLogo()[pri:0, instance:testCases.LogoVerificationTest@5ddabb18]" started-at="2024-09-01T19:38:25 IST" name="testLogo" finished-at="2024-09-01T19:38:35 IST" duration-ms="10325" status="PASS">
          <reporter-output>
          </reporter-output>
        </test-method> <!-- testLogo -->
        <test-method is-config="true" signature="tearDown()[pri:0, instance:testCases.LogoVerificationTest@5ddabb18]" started-at="2024-09-01T19:38:35 IST" name="tearDown" finished-at="2024-09-01T19:38:45 IST" duration-ms="9624" status="PASS">
          <reporter-output>
          </reporter-output>
        </test-method> <!-- tearDown -->
      </class> <!-- testCases.LogoVerificationTest -->
    </test> <!-- TestChrome -->
  </suite> <!-- Suite -->
</testng-results>
